<?xml version="1.0" encoding="UTF-8"?>
<!-- Generated by org.testng.reporters.JUnitXMLReporter -->
<testsuite ignored="0" hostname="Devendra" failures="1" tests="8" name="Test" time="25.104" errors="0" timestamp="2022-12-31T16:35:26 IST">
  <testcase classname="TestNgHYR.TestClass" name="GoogleTest" time="6.853">
    <skipped/>
  </testcase> <!-- GoogleTest -->
  <testcase classname="TestNgHYR.TestClass" name="GoogleTest" time="3.453">
    <skipped/>
  </testcase> <!-- GoogleTest -->
  <testcase classname="TestNgHYR.TestClass" name="GoogleTest" time="2.185">
    <skipped/>
  </testcase> <!-- GoogleTest -->
  <testcase classname="TestNgHYR.TestClass" name="GoogleTest" time="2.384">
    <skipped/>
  </testcase> <!-- GoogleTest -->
  <testcase classname="TestNgHYR.TestClass" name="GoogleTest" time="2.263">
    <skipped/>
  </testcase> <!-- GoogleTest -->
  <testcase classname="TestNgHYR.TestClass" name="GoogleTest" time="1.863">
    <failure type="java.lang.AssertionError" message="expected [Devendra - Google Searc] but found [Devendra - Google Search]">
      <![CDATA[java.lang.AssertionError: expected [Devendra - Google Searc] but found [Devendra - Google Search]
at TestNgHYR.TestClass.GoogleTest(TestClass.java:17)
at java.base/java.util.ArrayList.forEach(ArrayList.java:1511)
... Removed 33 stack frames]]>
    </failure>
  </testcase> <!-- GoogleTest -->
  <testcase classname="TestNgHYR.TestClass" name="method1" time="0.003"/>
  <testcase classname="TestNgHYR.TestClass" name="method2" time="0.002"/>
</testsuite> <!-- Test -->
