<?xml version="1.0" encoding="UTF-8"?>
<!-- Generated by org.testng.reporters.JUnitXMLReporter -->
<testsuite ignored="0" hostname="Devendra" failures="0" tests="3" name="Default test" time="11.933" errors="0" timestamp="2022-12-29T17:58:39 IST">
  <testcase classname="TestNgHYR.TestClass" name="GoogleTest" time="7.41"/>
  <testcase classname="TestNgHYR.TestClass" name="method1" time="0.002"/>
  <testcase classname="TestNgHYR.TestClass" name="method2" time="0.004"/>
</testsuite> <!-- Default test -->
